0
-1.51582307034926e+267
-6.94199868967476e-286
5.95324588967492e-85
2.2767975778733e+304
6.57060816726243e+164
-2.01108887611815e+81
6.72317428568666e+75
3.8859551702119e-17
-5.14948290245578e+191
1.54645921781376e+223
-11009805.0664228
-3.60434869764041e+53
-3.26979281902584e-182
-3.39514007948712e-31
-4.37549616340849e-227
-1.29965921174628e+159
123413.969576517
2.9786427466298e-198
3.45174650353083e+210
-7.54348920673132e-41
3.89438963981235e+265
-5.87763715867091e-74
5.27677516542426e+106
-4.08811499717675e+300
9.20379686232804e+213
2.60426188233644e+289
3.576293737872e+75
2.40496332589632e-208
-8.29948794090584e+214
2.66153226058318e+104
4.76330309912582e-125
-7.69149834683619e-307
-2.03200085174246e-228
4.12206035681689e+61
-1.1514894278546e+299
-8.64773645404444e+80
1.93484503752877e-7
4.54130403502475e+225
4.94183278160511e+89
8.80774008929258e+192
5.22919354962176e+129
-1.86339710309507e-113
3.90339559726412e+242
-3.85141787609546e+124
2.34536820389277e+83
-4.8178339200477e-230
-4.56125430248951e-20
-2.55943440069942e+105
1.41222092797642e+109
2.42559357351707e-88
1.73748345370501e-158
-1.83729345107056e+84
-1.76281395839233e-261
5.27135796069692e-220
-1.8237559338402e-124
-9.75421246934616e+176
-1.315328090981e+109
1.13714414849322e+116
6.10801214619438e-255
-7.48611032122707e-239
1.11087411756368e-6
7.23981850517878e+114
-4.40805486615226e-166
1.62227636455198e+97
1.61883504423081e+218
5.18652309402333e-83
-9.41062269116616e+293
4.50191849723217e+230
-3.01872432789147e-37
1.05990267472267e+175
1.97146154478789e+205
7.14061718736829e-295
-9.86294626352608e+255
4.33728441327968e+19
-3.1741391805246e-38
1.65918706039369e+302
-56641383.384266
-1.4167606795478e+16
2.91693788353375e-199
2.14607689984492e-32
8.49515818037549e-110
2.57732919511718e-298
9.32437702876951e+45
5.45769765034548e+160
-4.41242416857851e+38
-1.41391634233128e-8
4.69948206434504e-303
-5.72153312566662e+20
-3.64335989886437e+68
2.21350109288698e+54
2.20903864787932e+171
3.69755798178411e-167
-1.11828593060984e-247
-6.23233682555428e+170
4.87881448779765e-294
-1.00019309942163e+149
1.13347779002123e+201
1.48279139995688e+188
-3.73605391550073e+53
-8.63525405724718e-104
4.741525666651e+176
-4.49000696359628e+133
-1.96825040799441e-135
-7.14445951482056e+220
-2.77448460212078e-251
142507385.662412
-1.83537170067742e+95
6.04119918863003e+100
1.84051430581233e-264
-1.98376294482949e-222
5.35303583923808e+147
3.68094688292231e-264
-6.58897089518435e-118
-6.97197488719325e+279
-5.35155457564435e+213
-3.9153581055804e+228
-7.54059464960708e+272
-5.77504719659957e-112
-1.49037854450047e+256
2.62185801360422e+114
5.00007745706089e+282
-471.111921017891
3.4037550111235e-22
-2.17242413314014e+109
4.41337263834262e+185
1951431092.33079
-7.49836126858607e+104
1.64626639916771e-37
2.46022312856745e-277
4.23699717599943e-284
3.27929517600892e+58
-836206655937358
-6.67669580492324e-18
4.51698843689573e-215
-3.61216443045443e-236
7.73732189070857e-13
8.70646799402513e-189
-6.26797480208012e+261
-2.56386369406665e+47
5.56494418624959e+209
-1.68412574556663e-105
-2.26595052387264e+75
7.13957532571247e+100
-6.30784866317731e+265
1.18686548120473e+174
1.12726342841054e+74
1.54784427812464e+65
-1.90485157204707e+269
-4.95295977493463e+32
-3.16690074328372e+127
-2.35795758146554e-210
-8.45487082772546e-243
2.10252928938637e-118
1.13935729060479e+264
4.18230646964988e-30
5.93795692043605e+16
-14.7373933249417
1.83986279302284e+80
-9.86789504656924e-189
1.67039038818973e-96
1.53623595471953e+194
-1.77032034333803e+217
-6.60311741962823e-117
-8.94107381008753e+228
1.04487269327389e-170
2.72853925110808e+144
6.74413088555607
2.72227381626403e-27
-1.65954159889616e-31
3.37697281016737e-256
2.92242793381601e+169
6.61039146934752e+27
-1.18058120790081e-257
-2.36157814284026e+172
-3.68490493741663e-6
1.4447974602137e+196
-2.13104755986517e-206
3.93147260994679e-232
-7.96726716095174e+263
-3.04049856489458e+206
-10013982.1411604
4.90370729986989e+228
1.08529847487586e+257
-5.1381143839353e-266
1.34878203346327e+21
-3.30959290619064e-304
-2.56530576057521e+45
4.68232685069566e+158
-1.43495578814932e+240
-7.26563953908046e-304
-1.3419890055837e+96
2.45431013829838e-30
1.90365813691842e+113
-6.21533456914052e+109
4.83540802527353e+48
3.43208334923976e+125
-2.80799579971902e+31
4.70935253703186e-147
3.33774864292407e+74
2.32107538244817e+161
-2.53243022126358e-80
9.90040697354481e+290
3.52918235535405e-94
-7.99208964385381e+128
-6.65382956155269e+252
-1.60770142164426e+47
6.34129891768236e+181
4.64126202993549e+267
1.3506567272533e-204
9.31879895052271e-166
-3.11644887860913e-49
1.3742960418971e-94
2.15374465973223e+133
-9.49942061235235e-192
-1.86209255673281e-67
-4.18686933956781e-155
4.61497223812545e+176
5.52688709809542e+28
5.47004769445121e-189
-1.13913387231767e-153
-5.05433876411854e-42
-1.65562170644054e+118
4.02672637097445e-222
-9.75241456404433e-207
2343.09241281892
1.31866066579284e+68
-4.85520951321647e+166
9.80336493173268e-151
-9.16648746122276e+148
-2.98170754875803e+119
-7.05301320375847e+121
3.74966249396634e+169
3.13048536271147e+154
-6.6436356125261e-176
1.5241954928737e+264
-1.31310721620309e-204
-5.17426579895996e-204
1.22367557256159e-226
6.08253100794128e-199
-7.75603492630319e+237
2.55053698290059e+172
2.04177738020843e-84
-1.40046176280093e-170
6.61902307000669e-208
-2.443799805142e+214
-2.15787318913046e-186
-8.33912378566471e+197
1.03773060981364e+142
0.799777545047413
-7.79928727157836e-306
2.47518010013145e-178
-4.56416755374308e+185
4.13425263174381e-73
-3.96795392340053e+233
-1.08425319120264e+166
1.9407291839993e-126
1.29894493982205e-56
-4.40250007045503e-63
9.8427178606653e+178
1.60157510310134e+106
1.17565051828034e+226
1.58416759232612e-222
1.96693835244862e+298
1.99807333230302e-134
8.26685270204873e+100
6.79799739684748e-244
2.92507324299087e+109
1.88693618733093e+104
-3.8152953382403e-306
-1.04395705718118e+140
-2.86470612682849e-138
6.13649804666498e+114
-2.76435874421921e-144
-2.44061912690081e+60
3.07979695038111e-304
-2.09493737042089e+233
-9.27205739821658e-83
-1.20677281554783e+54
1.19718409523474e-17
-4.21545681599742e-308
-4.5775924057642e-69
0.618886290928826
-6.27009163070793e-276
-2.14342662744646e-246
-1.94714636891222e+166
-6.13693968140272e+261
-1.81845395943519e+118
-9.61379363953241e-273
-3.13715336965018e+188
2.36522941765553e-32
5.61585501526869e-263
-2.17725926077538e+307
2.82720643353508e+171
3.8663198515447e+228
1.34407072439526e+162
-7.11692320486035e-14
8.83008039187052e-22
-6.7705278934153e+52
-9.96316209026853e-131
7.50844259000024e+220
2.62006192109554e-102
-7.77536346127406e+178
-1.36592604188267e+158
-6.14072672545303e+156
-3.16806812609984e-196
8.17007505510684e+102
1.64262914694211e+291
-4.68827972989862e+303
-10439916494.984
-1.99236043049188e-183
4.44983138836135e+89
-5.57789805232366e+282
-5.70848417410661e-31
-6.53038571562664e+186
-1.84014479698314e+110
5.47561387939227e+157
-5.86532413344704e-58
-1.67203645542767e-99
-2.66111067259458e-253
5.20801366580203e-262
-8.70646827229002e-71
-2.50266785612873e+198
4.6527696921519e+55
5.89387326863321e-192
-6.47256788349594e-242
-1.3775341868842e-117
2.01200411061226e-93
7.8215576093523e+283
-2.07722622604186e+181
1.60275409737952e-150
-8.87752331708378e+300
-1.36519760591211e-128
2.22784706126881e+225
7.38837938800913e+253
-6.04039841027542e-115
1.98266012525733e+256
-1.36144483990734e-87
-2.07959504585537e+284
-2.95908393598228e+216
1.09315089315547e+255
4.4020747617065e-112
-3.16912171555353e-278
5.62258239334519e+104
-1.00185893816197e+249
1.8053763846588e+285
7.76450402158008e-97
1.43646977461914e+48
-1.61715070667641e-140
-6.3390632235267e+239
6.76917029821115e+179
-2.95907154246261e-199
-1.37350122498601e-76
-1.61002872392719e-232
-2.35214058703345e-163
-9.02566154823663e+206
-3.45460445956233e-243
-1.33805216216024e-140
-5.5452638354781e-284
1.42681653354435e-253
-1.33861970747243e+144
1.13956689815232e+41
-9.3546913378427e-77
-7.89960227425532e+18
3.16790823337277e-41
-1.26987306451623e-259
9.12908239029524e+207
-1.56061245501908e+111
-4.16983757346935e-61
-2.20105505051583e+252
-3.13927511039183e+16
3.34048002647057e+251
6.97533167983792e+280
-1.34421376823742e+50
8.95266247430604e-133
-2.13793366815465e+251
-1.140704732542e+28
4.90578649759983e-11
1.16702045810146e-180
-2.75713793859774e+168
1.57073373554319e-266
4.56421471024489e+55
5.45014777132452e-245
-3.11954768136031e-186
6.41646429825002e-65
1.07088923968034e-140
3.29402916306551e-268
-5.89341315231046e+209
7811057296.58287
2.72450568973506e-21
-1.40783222405523e+184
-1.59601801224335e-86
-1.3431832231085e-179
4.47984202655325e+297
4.70330950213106e+220
3.33773580613205e-183
-3.65564514635697e+93
4.772248330431e-158
3.39271944909439e-20
8.10676678944435e+69
-3.71782327646601e+216
3.22257111780488e-168
-3.28622996812465e-268
1.04177753215375e+270
1.69006899997314e-100
1.92821381358257e+239
5.30120062645369e-169
1.05264764408681e+155
-1.00978591903737e+307
3.20188123487069e+217
8.95491929949807e-225
2.82754022100404e+195
-1.01170300060287e-22
-2.44033491028741e+103
2.87024691224819e-151
2.90151453464812e-44
-1.62554927932701e+292
-9.29511826001682e-82
-4.52217467541265e-98
-2.42720957495802e-207
6.62246763894473e-253
-2.74804901820389e+102
-6.33541820893278e-14
6.08369324077664e+43
-9.82969322993873e-182
-276474451627957
-3.07088600299111e-142
-3.27380042162593e+201
-1.45636925001232e-173
3.4363547125684e-58
-5.47469940544175e+223
-5.79129492098139e+249
2.28556681270059e-119
2.4855640525687e+303
-9.18986871217326e+269
-5.71380596428884e-144
-2.9298011971575e-193
-1.51605242940714e+66
6.7856546192563e-96
2.02708290145819e+77
7.69899953500236e+173
-2.95046550935451e-190
-5.39907636265507e+16
1.42215470872743e+181
3.41799830684277e+115
1.12583991535418e-272
-2.23749196842669e-72
1.11566117896382e-200
6.5692885372261e-88
9.16417643512145e-169
-4.69531630314527e+154
3.36544104839631e+247
-9.45989250942864e-56
-9.66820743417223e+79
1.25614914183492e-228
-2.56280320225037e-210
-5.21999398642744e+275
5.5452735593971e+277
-4.43282366559717e+209
-3.19140492543355e+153
2.13167373129878e-112
8.34076729890023e-66
3.72250131813463e-164
-6.23071866753611e-76
1.71931727423319e-172
1.4989487262718e-211
-3.30855251938767e-212
-9.51855801844625e+156
-3.76948551819318e+22
9.29036449662246e+238
9.88345847451631e-143
-7.24064445845494e+298
-1.47628035797967e+200
6.35622543678775e+249
1.41689923721147e-41
3.05781039518753e-112
-2.40713164261097e+229
-2.68258077547178e-11
3.96114715930331e+172
-1.73689551378961e+170
-1.15129459531045e-183
-7.85383562003431e+275
-3.5841517077646e+83
9.00551714187353e+106
-1.71975500994146e+284
3.60461314334699e+244
-5.67469927907295e+283
-9.30461276141273e+60
1.89474752235173e-270
1.25336336684573e-119
2.42681558648758e-32
5.44883162299762e+216
-2.02308447293654e-286
-4.31028455962091e+195
-2.57293359023577e+280
7.83525859346381e+237
6.41778991277001e-32
2.50155613497354e+286
-8.61507839918593e-66
2.60811826190333e+177
-2.08126275305791e-109
-8.90254012359559e+97
-6.65107663987693e+174
4.54989733582923e-114
-7.31096797944787e-26
-3.91670826747428e+107
-1.18871063005763e+41
-2.39580894090914e+24
8.57747031887496e-273
8.57848995883394e-38
1.37934634407199e+242
5.10333581989323e+61
-6.54192996381338e+41
3.04473583882024e+251
2.14267232637513e+305
2.74320185669952e+83
-1.4386343933341e-226
-1.81737168216153e+177
-5.16407512803802e-105
-1.06774741724318e-68
4.53811698628218e+54
4.33960376623509e+257
-1.49817671978058e+83
-8.32878694504438e+28
3.29834675688514e-83
-4.46719561536998e-268
2.18045535300536e+30
1.36603900911678e-115
-4.82211177370623e-152
-9.82982082792642e+265
3.84823511142003e+294
-7.42071191278879e-132
4.07260367594542e-66
3.52240149307577e+81
1.70308871445469e+202
2.72901444528876e-224
6.62521769384101e-47
-6.31232319900136e-22
8.01759601207097e-129
7.37325303131797e-227
-1.58120931182199e-189
1.21264834503215e-178
-2.05953702814359e-107
3.25772608389221e-279
-8.50534466655773e+257
7.23374615382944e+165
-1.38261868371849e-9
-1.95841612315843e-17
3.45081948191971e-169
7.73267312288482e-60
7.12243374123394e+160
-3.14188441099477e-268
4.44277970930903e+288
1.67953554140127e-69
2.57908547274889e+57
-6.30157992607698e+171
4.22411894977324e-181
-1.27147599598255e-115
7.8255835111301e+123
-7.70494427669575e+47
2.65217272662762e-120
6.17002893053756e+221
-6.56027483134309e+240
1.33711561669254e+126
0.111048026413567
7.35973352943906e-124
-0.938899180598085
5.10144635084539e+306
-8.1728867911501e+226
1.96401108349594e+15
1.37256081412982e+82
-2.50923007319314e-118
8.49715868626637e-229
1.27736711733186e+222
6.04799295533809e+211
-2.47838932299482e+32
1.44403833621946e-230
1.26234322418725e-17
4.72591687946694e-51
1.95604127182328e-60
6.98826017153643e-35
6.50780806294486e+79
2.17995312817829e+262
3.10503602651709e-190
-4.31487415638919e-278
1.51568799926903e+65
-1.38610833662188e-201
-1.18791906522649e-295
-2.76766115112305e-83
52725616.9027295
2.23089242865535e-155
2.1184905981485e+77
3.45644108018551e+110
3.41674085349474e+204
-1.60256540705951e+168
-3.44989729366733e-295
-3.02608517615144e-127
1.4140086785125e+269
1.44360151680527e-276
-5.54606591681835e-15
-2.83524294546481e-99
-7.05699546343268e-75
-2.30147767172876e-143
-9.251910632227e+189
1.14964853719271e+78
-5.8619560651628e-167
-3.15678997180626e-87
6.95722888767309e+46
-1.76314192140676e-17
3.97851951514331e-160
1.76729291738568e+161
-1.81421837287782e-201
1.80398555299214e+245
3.97254056924768e-230
1.42544312948193e+96
-7.87188264574529e-84
-7.49671102851947e-254
-5.10329430445824e+146
-3.08694459603894e+237
3.58012789479401e-135
-3.33185156975794e+33
-7.90262176878813e-64
2.40255944208576e-192
-2.15105880748032e-40
3.03787724693552e+219
6.13908167630989e-179
-1.84342792133494e+259
8.09335068359393e+156
2.69887371766548e-95
1.73782306511397e+59
4.7898942227646e+243
-1.09447370066776e-193
5.06145116175173e+184
1.27002240261066e+209
-5.4041684443593e+20
-4.37665414826555e+247
-5.36759800183329e-94
3.73908701487489e+275
-6.24729131151993e+276
4.60895728947184e+69
2.33499736782168e+86
-1.40321619877123e+49
-4.82043735112814e-223
3.7050821750363e-268
4.61368246296271e+63
2.88784952787711e-96
1.36665800123472e+271
8.52036789610061e-179
-4.3241047450709e+152
2.54007546630933e-164
-1.44979703652239e+240
3.11114191530277e-249
-3.94045272931541e-68
-4.51591580011943e-10
2.75395964057192e+106
1.20729723732565e-297
1.48108187740748e+138
4.33979791305767e+87
-1.38691499493791e-132
1.19388848663049e+275
-1.42109387875788e-232
-4.37725167867213e-238
5.61378884863684e+57
9.58294375098139e+166
2.24497871245426e+68
-1.198323055174e+304
-3.06606556435768e-50
-7.98485110395838e-67
-6.74674595932423e+226
3.78104364035302e-52
1.91532191945237e+210
-2.5675451355645e-192
-5.01201185976406e+135
-9.05125555124333e-141
-8.70938366903737e+204
-1.10551411921907e+240
1.40085745869915e-10
47252.6245864156
2.66147091011921e+259
-2.99516004638141e-69
3.98948598347504e-252
1.83213724741738e+201
-7.87034016608071e-305
4.69210576067663e+21
1.47513296892828e-62
-4.93458518980108e-265
-1.9845683122465e-304
3.24392916112186e-53
-1.01752735603348e+48
-2.62669800385527e-277
4.28694216368143e-14
-7.74977920235863e-202
-3.66454199698966e-307
9.92910157498185e-241
-9.52386807462845e+227
-1.08751045052476e+248
-4.22404482132528e+27
1.71430390327825e-177
-8.17188725297681e+45
-2.07593421568483e+71
7.23597535118601e+99
3.8545628367016e+201
-8.2811772847412e-49
-8.15128222538697e+222
2.01746140620247e-179
-4.26470204619335e-70
1.06070682633222e+171
-3.35651582107912e+299
-3.27974355267502e-81
-1.63140125646081e+76
-1.02885323775722e+246
1.75365860549819e+54
-7.98408824687853e+59
4.22629907153012e+15
-1.20607994193728e+131
-9.11319889900689e-188
-2.14204622007774e-301
-6.76698428359429e-164
-1.39573008969165e+97
6.58715309484474e+121
1.75262124966807e-236
-8.7082846169765e+89
-2.96326498393428e+161
-5.94841183569995e+27
-7.01162204806555e-145
1.25590435206201e+297
-5.37278532420387e+62
-4.0990381171277e-132
3.83468588789441e+171
-2.29620849843124e-215
-8.00782072250597e-123
-3.06411060712544e-40
-4.02362913354604e-238
2.66453308498933e-218
1.01686092843927e-164
1.68892385989887e-174
-1.68803286930606e-300
-1.27367462058349e-141
-3.448154711828e+41
8.96557333458029e-168
-1.71914587880814e+305
1.59688287038984e-11
-5.07668169718758e-105
1.65795488885063e+18
4.47066595130553e-221
6.39982454851522e+76
-3.92871822628128e-223
-4.1678085616458e-178
3.1663471156064e+40
-3.38539257221999e+207
7.44491610406759e-159
9.36753104032953e+289
1.63913213780447e-31
-2.30588946809589e+255
-3.5045073692737e-273
3.74550324948597e+122
-6.68337656118475e-246
7.88452299798039e+251
5.50281002599611e+199
1.81179812600457e+99
-2.34936835903901e+243
5.39615906082273e+149
2.73916142763837e+38
-9.02851904903197e-155
-32499774084.0136
-1.48194771145912e-230
1.46815493802412e+293
-1.73762733208428e+233
3.18072262329219e-37
-2.12087737716345e+33
-1.48300410646195e-30
-1.55889454087515e-294
-3.40397369009203e-307
-2.47343408668309e+95
4.17651553557079e+202
1.27388410345442e+287
8.33762748284886e-300
2.7790821522098e+122
-9.89175576766783e-263
-3.26962550759087e-158
-4.68583955500401e-122
-6862909946.45793
-6.1678192588036e+25
-4.94207026421382e-82
1.30396676396738e-254
5.64981031638531e+77
-7.54722589910289e+273
-1.6624742130005e+188
-3.42677166697063e+65
8.58321216747385e+216
1.09708181863443e+140
2.17856013565692e+180
2.81091194898157e+236
-7.39170169740652e-185
-1.11704385927944e+291
6.74179671375521e+299
-5.75198160856566e-269
-8.7944632543155e-125
6.85570884176446
0.0000348851705087116
3.59112605912448e-181
2.97147168012771e-219
-4.64427911070543e-102
-5.04989899279758e-121
6.48096123947013e+271
-0.0000144449572872297
1.83474623077001e-209
8.11493357217967e+110
-4.71135357516679e+250
3.6380796969319e+63
-2.13792554615167e+286
-1.04773891797946e-8
4.72341878665055e-78
-3.32559672655974e+120
-9.40884937714387e-10
1.03071433547818e-273
-1.33675717724507e+278
-1.18761119313355e+205
-9.08784463635731e+94
4.1024165593373e+40
-1.69173226812913e+172
-2.50111907647822e+33
3.32766121045512e+97
-1.03207474985972e-12
2.07436448040578e-222
-2.0221919499155e-294
2.37845266190179e+187
5.69994533384952e-245
-5.29911944846064e+222
3.87774347999337e+292
6.19950851693963e+198
-1.10791247706638e+150
-1.88704495306687e-40
1.8745199149528e-162
-2.15189708143769e+173
7.23271870183906e+24
1.47369025090846e-146
3.54323617285989e-230
-2.44832895098456e-152
-7.33017757447055e-9
7.55283920262048e+256
4.16772282246845e-16
6.11077551092323e+251
-2.85786918670609e+101
-9.16618016411548e+206
2.75930937811564e+48
-2.69274486581831e-208
-4.93732389405471e-164
2.53083116859541e-84
4.79793161733213e+225
-2.53773759572968e-261
-1.68041605213302e-177
7.85493524859804e+17
-1.61099507637914e+24
8.33586030628677e-235
-1.46519541145832e+34
8.34330672739065e-21
2.57745182730364e+300
1.23003201626159e+300
-2.13541554909826e+57
8.94527748296145e+255
-1.1053438828091e-155
-1.2710370497545e-243
-2.20152483775594e-97
1.20346076783191e+95
5.06846139299779e-122
-3.8722252786076e-305
4.06329513265331e+140
-7.52224602018501e-105
-1.62528978974487e-15
4.13955512498505e-193
1.11467497714824e-165
8.78879695400244e+30
2.91912129949718e+143
-1.18179544693868e+101
-1.87039290138441e-288
4.68338041827645e+91
-1.37664979190065e-216
7.25509597033594e+197
-1.7075548699503e-228
-3.13900895726705e-272
1.88269052132463e-99
2.67860504252773e+160
9646158.48630036
1.38442343170327e+104
-6.11172102094847e-240
1.6842117382151e+168
2.73937158167863e+233
-4.27189341717868e-264
9.60091249676163e-216
-9.96691956995411e-244
-1.53173339648269e+293
1.63367945281867e-221
-7.64357864531016e+305
-1.8563348979904e+108
-2.57333094778753e-286
-5.59510481236997e+183
1.82138927949775e-249
2.73231116824585e+237
9.21158826942264e-64
1.00747252806156e-55
-9.36608708648874e-166
-2.68737915959216e-185
1.70594815020771e+181
5.71405852236882e+134
1.85840478937806e-262
1.07446762692615e+89
2.23131929499272e-74
1.56045687754501e+112
-5.94003486502494e-201
-7.23112170726931e+221
8.78408175415923e-307
-3.07301098038963e-201
3.4653123512098e-217
6.55624347566611e+249
-2.37021918696463e+157
2.50118418072705e+258
6.28181392343412e-88
6.55399522974847e-43
1.7994704204233e-97
-6.8431826041135e+43
-1.40001131080846e+219
9.089030228068e-61
-3.35067223166161e-121
3.05490115296463e-85
-2.23465575311816e+230
2.99548024613902e-302
2.42255592682305e+61
1.03036496203694e-180
1.61515244482095e+94
2.60766626263611e+276
7.24775360871629e+67
-1.69427361985372e+108
1.85052691315613e+230
3.93391811071867e+114
9.56052211874003e-260
-4.07449355953737e+147
-1.48715695667122e-10
3.52066251753823e+258
1.1823459694922e-293
4.11228775823818e+129
-1.35242467127557e-184
2.55666637418359e+208
2.46361902516023e-219
-2.27313500404158e-152
-9.57279307685882e-20
-2.57589352085331e-80
2.27818815969589e+167
-1.41186839334803e+250
-9.97670850689769e-219
-7.56298132203635e-267
-6.73322408884588e+229
-5.78518351892033e+297
-3.27675384252279e+136
2.43687505056699e+169
-1.00930220331621e-207
-2.82438281489874e-120
1.94880211988918e-112
7.09749918972108e+152
-5.59217723096712e+208
1.4790711549208e+81
6.60070568923127e-131
4.79614718145818e-73
6.10767378988637e+281
-9.04686512902703e-183
-1.6006759982591e+97
-1.52610746800158e-189
1.18874016789437e-290
1.91477206661706e-101
4.6564353560512e-173
1.27954312095092e-176
-8.86486360581769e+194
1.58687514077695e-53
4.61930471757593e+35
-1.56705938243521e-19
-2.60599602297817e+233
-3.46711365396295e-156
9.60454464919984e+158
-1.3691021327358e+106
-3.04137143059802e+257
1.75606371507861e-209
-2.10515347539165e-232
9.44928087609085e+191
3.91271148196165e-48
1.61139517811807e+145
-2.9876460450207e+93
2.00776710163632e+170
6.39754032909479e+104
-9.92820608804463e+64
-1.78283005997607e+31
-1.97057167513227e+110
4.5256123354732e+56
-6.66539634063098e-172
1.41113005787455e+63
8.8879528274238e-290
-1.93567789780867e+38
2.11480146014104e+298
3.25652883362921e+76
-1.46575850396748e-43
-4.6339027963875e+70
