0
0.0145843913778663
53289.1953125
-110039474176
-4.42890190667511e-13
9.72579572234655e+20
-3.70101479441994e-20
559481129795584
-2.35676991406158e-17
-9.32114535408872e-38
-2.43028723969392e-26
-32270178
-0.0255247876048088
-2.16912828148777e-21
-1.39240238511711e+21
6.84424942490517e-38
-1.16787917928931e-36
-6.48134061975725e-7
6776161280
9.547896500191e+20
-1.19385958723264e-16
-4.15464329892011e-35
-1.667898061059e-32
2.9617971588278e+23
0.775847911834717
5.10708269997651e-37
487.139953613281
-2.10386408302871e+36
-1.24130527427408e-21
4.02529235993977e+31
2.42752983879151e-18
468864567607296
1.61500526011001e-35
8.62094466819398e+18
7.18220786472583e+19
-3.19014947165488e+37
-1.2496987825784e-19
-4.61297130214523e-22
2.25009724394432e-12
-1.69354574730219e+35
-6.18027548776461e-29
0.000321559811709449
8.82147281789373e-26
-3.02926709403098e-24
-28204589056
2.85119322013832e-26
1.35428316781414e-13
2.89193035473653e-24
2.29169645205929e+28
13883279
-3.26490183856266e-36
1.26230350550909e-17
2.26499117313324e-14
-3.38720952150103e+23
1.01083933461557e+31
5.73442474453392e-33
-2.97240082978828e-21
2.11756059733471e+26
1.25758117614164e+36
9.17475765273894e-33
4.85538955556037e+36
7.20989769080992e-14
-4.01173084582707e+15
3.65905660068547e-16
1.04445620084527e+32
1.53067609175721e+34
15105.111328125
431305.28125
-176228160
0.000207905701245181
1.90697680750577e-18
-110116.8515625
-6.2060623211956e+19
104419614720
104829648
9.74030101495336e+33
-7.32582778522904e+26
-1.63634915937204e+31
3978123.5
-3.42000946276715e+22
-2.35502350465373e+26
-2.92214280613098e+19
NaN
2.99561680692299e+25
1.0672126189781e+27
4.69660824100627e-34
-4.14943457436377e-20
2.73004646667019e-10
-1.384203501883e-23
1.1624372254701e-12
-8.71875104860135e-24
63791542829056
-1.04062514861829e+23
1.27640887529308e+17
-6.11960045849489e-18
-79276584
1.8572682307539e-27
-6.71439388536066e-34
6.42438711820695e-14
-2.64644709622352e-24
-8.38466574705854e-35
2.01458942183944e+33
-451.792175292969
-6.34087036566135e-25
9.38385352387979e-21
-13858631
3.27148742962894e+33
-3.36555317007207e+34
-1.63201250163906e+34
1.12824348137289e-35
-5.23682955680278e+21
-7.8243419898639e+32
-3.79030046635969e+25
-1.5625681314164e-26
1.69228194825399e-12
-2.69900109227049e-31
-2.80648392287069e-30
2.09675723558873e+25
-3.23359177975546e-12
0.728654682636261
2.4698925088322e-14
-4.08281696686187e-15
-4379174764544
2.42513665018303e-19
-48001584
1.40161565453189e+16
-0.0000707239232724532
-6.65205607611186e-12
8.24652350870071e+35
956232040448
4.70945019093172e-11
9.182172675537e-7
1.66932886713766e-6
-2.19482843729698e-26
-8.05848948275688e-34
-6.73174217295066e+20
4.67422595854666e-14
-2.75027801610485e+26
13213.400390625
-6.41818457935974e-31
1.13407251785639e+31
-1.65057539958037e-21
859734.875
-1.27226738371426e+38
1.03751340851943e-10
6838279680
1.06032821684405e+24
60333.97265625
-17.1245193481445
-7.01021337539432e-31
2.39305146756168e+26
1308.38244628906
-1.47802828094955e-26
-2.51390228895552e-35
-1.94367590708019e+15
-3.87959050580698e-31
-0.0000198181587620638
-1.74988407662566e+34
6.85139729277151e-34
19326730
9.91827116851943e-23
2.25071877385282e+20
2.77367782164281e+27
-318279968
116282649214976
-677911396876288
9.29360818973219e-23
-8720.9501953125
4.22957100454369e-7
0.00191186449956149
-2.64356944060602e+19
-7.19174085376158e-32
1.12522234594241e+28
-1.19792203071959e-29
-9.79541616458598e-37
-21868406898688
179094421504
-0.00350809446536005
3.21407089143921e-36
-0.000186678385944106
64124560
-2.26253824589007e+35
-1.21728832267174e+20
-9.47782447663135e+28
1.30844597338845e+35
-7.64193597291296e-9
-5467.2548828125
-2.66721691908927e-17
-331.389038085937
-9.63030705837716e-31
1.71220989386711e-7
58899189760
3.2430216378998e-7
-4.94671693599357e+37
-3.67381494909636e+30
2.46217221981788e+30
2.92446755788165e+35
-1.7450806895262e-33
7.68177556842086e+15
5.6217030813957e-36
-142285.625
-1.20933837142702e-34
-4.41852835114516e+17
4.88164543510639e-11
-6.1145492163672e-30
3.40595101988583e-6
1024404352
3.27967029065987e+32
-1.83398628234863
3857.26147460938
-1693304.25
7.5373652990356e+22
-4.9724601227813e-33
0.000927609566133469
7782.2607421875
-5.73684186624211e-27
-1410103
2.08256929753989e+16
4.74177710985124e-11
106180911104
-9.37897445073543e-20
-3.97773462055008e+32
-3.92584593203557e-28
-2.65671274177437e-32
-4.67366328986187e+18
0.000418784067733213
-0.177126199007034
-1.45419970192742e-24
2838.0986328125
-6.27089503946451e+31
962139648950272
3.35108191832639e-36
-0.118232786655426
-1.27955771235548e+20
7235901
-2.98187284391304e-27
1.15840322719862e-29
6.63022284812486e+28
1.68151539518557e-23
-1.44694165022693e+37
-0.000051502778660506
1.03894395462195e-19
1.53014738352425e+30
5.36832409636645e-8
-3.60396921271825e+24
-4.19054220994413e+17
2.13714928966321e-34
4.48440011524293e-14
-925605.5
-7.59504684304633e+30
3.7647452690361e-23
4.22911243584167e+23
-2.42108833864852e-29
-2.22448685204976e-29
1.01341482948436e-12
-1.74564917229522e+25
2.15474772579197e-37
-6.01930114199919e+24
-3761.38720703125
3.95494823186875e-24
1.45942016069992e+29
5.82810997833938e+25
9.09789109696856e+17
-1463981696
6164.58203125
-2.46499317669823e-21
-8.2861636389181e-13
-0.0476958192884922
-0.0356887429952621
-3.44042789015742e-22
1.85163539533741e-33
-2.16042142509032e-10
5053259776
7.83159589767456
-1.88401404936991e-13
1.49575775547681e+28
-7.17345362089651e+25
2.20397114285984e+31
-17880.66796875
19558778
4.64281235391509e-28
4.14842871165888e-9
4.59314444822898e-36
-4.32993178405136e-25
3.62466862706138e+26
1.89334428310394
-0.439908921718597
-3.42890923909746e-38
9.86334058077854e+18
-3.14633014556055e-18
-2.4091386841737e+29
3.38383387976648e-9
-47230.828125
1.07703053951263
-5.31542187390002e+21
1.19168227348735e-28
-1.46151828417343e+21
13028790632448
-3.31902411436656e+31
-5.1761375037374e-28
-9.71755200982143e+34
-7.37767920106392e-19
-1.22861970478648e+32
-1.07334297555612e+31
7.9882701398256e+27
1.26333386413379e+21
1.83812898607904e-25
-3450.22485351563
1.80715580439536e-15
-4.80930622426824e-26
466544781950976
0.00107609818223864
-9.13531646828545e-29
4.30447990724221e-28
-1.01106759963247e+18
6.98168788508662e+35
-1.22084200529812e-20
4.16197122134094e+27
-0.105787977576256
-3.94628646835526e-32
-2.64120723660306e-35
-190.049301147461
1.35610591726971e-22
-8.91221249472396e-37
1.36084069360387e-12
-88576536
-3.08017934855e-23
3.81613838318622e-21
4.34211267923183e+26
-1.4167134576686e+23
-7.81149380160973e-31
-2.41254583668572e+17
-0.00120221404358745
-1.9010563041715e+25
4.93652280527187e+24
420845617152
-2813497344
2.47431709159368e-37
46344456
31656306
338742.125
-5.29765146306806e+17
-829.759155273437
-8.77616276334182e+15
-1.01857228347224e-34
-778902634496
1.84653012235274e-34
-6.22417262218025e-30
7.97255531449596e-15
8.93682333149708e-37
926465920
1.69474473440619e+22
-1.77705268304413e+18
2.0431198684299e+26
1.9959780810615e-25
1.20307766874537e-26
-5.32827200635189e-28
1.2850998341074e+28
7.10695380566801e+21
-3.41276871039425e+25
1.29442146528368e-31
2.69214614070424e+29
29322266017792
2655492.25
-5.04938153436323e-33
4.36997043770827e+20
-4.25674753281424e-17
1.95255778275444e+37
1.18851633719157e-36
4.14826983889561e+21
-45036901236736
6.97586194119133e+34
1.57091823721856e-30
-5.23023474671724e+24
470081.6875
-4.72597472267466e-9
-3.71915539277427e-33
-1.27659830703818e+34
1.6480521806676e+16
4.09933171852117e-8
-6.11926851026884e-22
3.74349048201549e+30
3505063.5
-6.31769956066953e-31
-1.85895607781492e-19
5.88246618546765e+37
-1.13832270737561e-15
189286032
4.59943195112414e-37
-3.22806468389869e-36
276123548123136
2.09116224516368e-29
163.777954101563
4.5740236692521e+15
-1.02178729167706e-20
8.02502963082407e+27
-5.13037707849953e-36
1.73936034339993e+36
-3.94994443981528e-22
6292.86962890625
1.37439905233166e+29
-1.7952124746503e-32
1.91746529765169e-8
2.3088723925921e-14
1496704.5
2.97921329905009e+16
69939071287296
-4.0212830693791e+27
-7.37976684343462e-38
102612.9296875
1.13008526067836e-18
-1.65705654493059e-12
3.75618580257267e-18
-5.85505038550038e-12
1.3421094417572
-3.60465265492396e-13
-1.39022525093904e+17
-4.81597489733153e-17
-1.72587918732581e-36
-9.25801440616945e+35
-1.60865071150746e-22
6.92709610578871e+31
-2.69443655014038
-183356624
-7.63115591379533e+21
3958305.75
2.39431955165181e-12
-0.0812345817685127
1.00436401467687e+18
5.50056311263147e-12
-4.74656354901971e+33
-4.1426350721804e-18
18243808
94.517692565918
-2669532413952
-1.70121719629347e-23
-1.12904595265732e+21
-1.45656976108421e+16
-4.10694064322381e-28
4.54796389075911e+17
-5.30398988618508e-12
-199797104
9.73773536475868e-22
8.12872094015874e-19
1.7496270802735e+33
3.74948200742783e-13
2.45682098523522e+29
-1.57412081468529e-35
7.59611613793378e+30
1509283.875
4.82465100972687e+16
5893870080
-3.75074504021109e-32
-5.61762573833097e-16
1.2478348716241e-21
1.09449373923201e-36
4.22517105583801e-26
6.4120303511217e-10
0.000116239956696518
-6.02960324746039e-27
2.39460640253542e+15
-2.28455505334557e+28
9.97753237372079e-28
-7.98458313355788e-11
-6.76663519570429e-18
1.24442989236623e-23
4.06369071227714e-19
4.84842391705342e+28
-483731308544
2.08825189418381e-28
-3722601562112
3.43228087906617e+31
-2.50885939660929e-22
-298472007794688
1.00586898748353e+38
-1.18743444217909e-19
-3.75497656554865e+24
-2.00427030483473e+24
-152410488832
1.64105667611553e-32
9.1761108288875e-23
-1.05583910247747e-20
-56047176
-3.52450497375224e+19
1.27526820064531e-24
-4.35056973819837e-35
1.24940332400336e-19
0.000181328694452532
452926373888
0.00604161946102977
2.75066226827716e+30
1.09552485139108e-10
68057546752
-0.323829025030136
-2.01867755070693e+37
-2.3191662145935e-14
57562963640320
1.27652974529352e+20
2.18956824243012e+31
-9.33890409449134e-10
7.28304406800301e-14
-1.14500318948441e-10
2.07857033451483e-13
3208103.25
6.33287413620565e-8
-1.11621299908164e+35
-4.80793293011935e+28
1.73216835112504e-24
3.64114786050376e+16
4.01043604640003e+21
5.7744307405048e-30
5112050.5
4.49079251593016e+18
-1.19317960601895e-25
6.04493088680619e+26
-1.74369898119305e-16
-1.25234666375275e-23
-1.681214491544e-35
-2.23011076272428e-9
-8.44098227703558e-25
3.04543791166785e+26
-8.6124861912122e+20
-3.46886892228274e+34
-1.77913339616254e-9
-2.15380566714884e-7
1.35554400596712e-20
2.16717261393633e+36
-3.11784217480637e+31
1.92829664543203e-23
1.26638019515291e-10
4.34883807810091e-23
-620983.5625
2.75716975431168e-33
5.58660499956223e+22
-10870115532800
-3.5001203006579e-22
-2.04245370616363e-11
1.7265271642374e-32
-3.25413643974469e-33
1.48992635400566e+18
16927.3359375
-3.97537082881727e-19
-4.59257765102613e-36
2.54630539801847e+35
-3.07754000928774e-22
-1.24698502669536e+25
-64.0172271728516
-1.01798282141389e+37
1.00295425310541e+37
3.6267039980672e-24
-1.0989926327748e+26
-1.00418857998051e+27
-1.79430147485101e-37
-3.39116014803354e+17
1.738703863714e+21
1.64069012677906e-19
-6.97375619583542e-37
4.29940710406519e-27
1.49715936856675e-35
1.70604051373512e-25
2.80006872120872e+32
2.34367033237779e+18
387523155066880
-5.12851700792204e-34
-2.26958819034458e-14
-1.26234048845562e+26
905823.375
-212883.453125
-6.28874786046307e-25
2.87388723412948e-16
-8.77314209136771e+17
3.9606667690548e-14
-3.68718156096293e-6
7.99278839050703e-15
4136.5458984375
-4.65218985019829e+30
4.70374523659019e-36
3.31771438909235e-27
54491592
-1.06952554790513e-14
117.489166259766
-0.0000150136793308775
3.46070224651033e-22
-5.26839212717806e-14
5.61706195150598e-30
6.25900723868404e-15
-0.000159309623995796
7.57643591731488e+23
3155231244288
4.7925306267732e-15
-25412.08984375
-0.0029936854261905
-3593.47265625
-7.78161214746466e-32
6.45478557330365e+20
4.36403585679208e-19
279405789184
-2.47223934643282e+35
5.19969289847211e-10
-1106222120960
-59300347904
-6.17756103975069e-14
-7.0503290566891e+27
3.9564532305645e-25
4291062
2.46111578386252e-36
4.52364298882324e-25
3.93180737967569e-10
-8.61589258083702e-20
12567543021568
1.35983593451048e+35
-63918372
-6.26016075952469e-40
-9.91056130665664e+18
-54111.3984375
-2.41188589193967e+22
-1.36681458679939e+17
7.68649829743332e-36
8.22324647262443e+34
1861769887744
15993729024
2.70277399535388e+24
-3.69880467122078e-20
-3.25603832784793e-9
0.000453205313533545
4.85983219578868e-23
7.5823155017364e+21
4.02780917342985e-13
5.13861618202899e+22
152615829504
1.83606028229169e+23
5.14238884743684e+22
-1.34506465833518e-28
0.000224692150368355
1.17290230861045e-8
-2.51153421553017e-15
3.08119615510805e-6
-2925.03002929688
1.61265264170403e+31
-910506131456
30222.25
-1.16064873267874e-8
-2.15527845570662e-10
-8.49929555082422e+30
-5.3360357575911e+17
1.86613027100384e-29
-3.56423192398484e-17
409384907702272
1.21001053838228e-33
-7.41542671928469e+34
-3.38386630785936e-26
-4.61676151058211e-24
1.38062341648038e-6
2.56850356797706e+23
5.19394564837865e-18
-2.87573026426645e+26
-189050770161664
4.31199492778589e-10
1.14689943310921e+36
-5.15842702986351e-19
1066913759232
-3.72300377193824e-7
-4.87920427356156e+36
-656355.8125
3.04682412618589e+19
-0.0126446401700377
-1.84638934583283e-25
0.182246223092079
16.3638534545898
6.65686278182179e+37
-5.05265583714325e-34
-1.12754695357117e-18
-1.16627898744809e-14
-7.48613229810561e+30
4423.9150390625
1.06430516669747e-33
1.5948346686666e-25
-666986688
-2.27881271344005e-21
7.19019955504116e+19
8.58317322295633e-34
-361967840
1.40170505981929e+30
-32247458
26470143492096
0.0000353098548657726
-1.16522312988615e-23
-5.01044495398128e-39
2.47931845702988e+32
-3.22109895023459e-6
-0.00247288541868329
-2.15196753558291e+21
-2.97136113872154e-17
-9.20606149692386e+24
0.0000273159057542216
-4.91517362281549e+28
5.28645101323147e-23
8.54761919981027e+17
7.7707031311592e+34
4.46317574863276e-17
-102071.59375
-36324.73046875
0.0000163404583872762
-8.89625248994244e-37
10585.4375
-4.32644535763765e-18
-8.74684060749918e-34
1.46050779340509e+19
-7.65165311153161e+36
-4.95638806184986e-18
-56587739136
1.55492295509859e-38
-3.19148283327252e-18
-6.49609474625992e-30
-2.85842272193144e+24
2.21967610591758e+24
-1.39101766266077e-25
2.01508088403504e+33
-1.67458530554242e+38
-2.30580880994716e-13
-3.44592666625977
1.01520511342739e+17
5.90877309103802e-14
-7.35494225523325e-8
-1.34650218234968e+30
-0.000146436781506054
-1.91040189346937e-28
1.46252842895978e+26
-4.26189630958499e+30
-3.68783346417584e-32
-9.55638485011789e-11
-1.71714025065508e-35
-0.0000935167481657118
-0.00219004484824836
6.9488538469623e-25
-2.24650817513044e-35
1.44014516530225e+33
3.90204167866418e-28
-0.000111688990727998
-1.67756878267228e-12
1.50403718501108e+32
2.91079418834785e-23
-3.23727792496502e-27
-2.62532068119308e+18
-1.34370775031764e+30
-2.98258068786681e-30
11067.119140625
-7129288.5
4.06331906114946e+29
1.94817864894867
7.26904408605507e-37
-621013.3125
0.0000757252564653754
-4.3409916871279e-28
-7.433030128479
0.000969459826592356
-9.50255612971274e+25
-3.06581726108508e+31
-1.86275315172679e-6
7.15128414548133e+31
1.25744695463449e+27
-7.14699378187011e+34
4.06500306806507e+37
7.48429593978561e+30
-2.0833524628352e-24
-1.38389366509314e+35
1.23720727912297e+30
-4.30973473574093e+15
6.63837790833815e+21
7012389224448
2.43570687338193e-32
3.3262910839808e-34
5.70731210131857e+33
-1349.75036621094
9.45925977669734e+25
62.678882598877
4.10793498138794e+22
1.47145890722751e+20
191193504
8.2065098467865e-6
-8.25340185250333e+30
6.70902124966233e-7
1.80608329946991e-32
6.91703039911789e+18
1.03835446907397e-8
-1.10375880184019e-29
1.2161070278778e+29
3.08409267886401e-37
129259044864
2.9434073099892e+26
-4.30079116846371e-35
-8.59078490397927e+23
7.75573336078774e+20
-1.652209101485e-20
-2.58815756040135e-18
-2.43302769734273e+19
2.23604134559794e+37
-1.60275182526721e-15
434.919860839844
-518902677504
7.36361634801423e-32
165.916000366211
-2.46275549392193e-15
-2.84237973009707e+29
1.50206598591915e-28
8.74654779181583e-6
2.2648411330084e-28
2.8497858947486e-22
-2.46870613098145
-2.58833283515679e+19
1.81097341567238e-8
-419529523200
-0.211803376674652
2.64686126689852e+36
5.01838067629157e-12
6.15059835176906e-28
-13144730632192
401035744
3.11357127846537e-24
-2.33870776557639e+36
-5.6702660385316e+37
-1.86119627157159e+33
9.96084212615578e-25
182.741653442383
1.04368149103527e-38
-2.0104978375457e-6
10033802
-8.42567032214351e-17
1.57797017836765e-26
3.09487550860341e+25
3.46688032150269
-2.0896067703003e+26
6.74124145507813
4.56945208656917e+34
-1.06490242513836e-13
26330.080078125
1.57198876828307e+21
5.07552710011941e-33
3.92312297308826e+33
-1.23766155229414e+36
2.40011245957855e-23
4.19132527553693e-15
-8.32629277097309e-20
-1.1468461034623e-14
1.38270131143562e-33
-0.110222421586514
7.09277514943096e-7
-5.28454675852164e-11
6.28621722623355e-21
-3.38291728253865e-32
-1.728722662543e-28
3.96056657407451e+34
-8.54331057451827e+15
1.8525252472014e+29
-1.51824615102214e-8
-2.44609822848407e-12
-275313.75
-0.321992605924606
3.88853496311406e-22
6.95527686019984e+37
-1.83018476509402e-21
1.10397157871034e+28
-125364208
-0.466066509485245
-3.67664882913732e-14
75185004740608
1.73409117911657e-17
14855513088
-2.1071955645815e-19
-4.23933109495398e+15
-0.300997912883759
8.85557601438354e-25
-1.31112913321591e+18
-1.8350758478568e-23
-8.93191476336597e-9
-4.22229433533577e-16
-5.25779706079894e-22
1.26926286253787e-14
-4.44597469323085e-17
1.68373823436815e-18
-2.57836301347193e+17
-1516633.875
-1.01999508985016e-16
3.06362424318252e-9
-8.90277203838134e+21
-2.23258098230872e-6
-2293660909568
-3.35595642799604e+25
-1.40542209908607e-29
1.31812012817225e+36
2.22831692334169e-12
2.4326077413007e-31
-7.51370381533608e+25
3.33204982732996e+21
7.20456552324477e-37
6.28540666198238e-30
-0.407726287841797
NaN
4.39184188371595e-24
-3.28701048601943e-6
2.6433103449083e-27
15692.1279296875
0.253143489360809
1607797.625
-3183690
-3.91276631676682e+16
-6.75578700215457e+35
-6.6111574391959e-21
-23692574720000
2.77815255903324e+27
-2.23378780750405e-11
NaN
-3.83397946279729e-7
3819892480
2.16243462304047e-28
3.0708601474762
9.37312727433692e-11
-6.82364917608397e-13
7.92473552058137e-12
2.8068003733323e+24
1.18258374046136e+38
-2.43901823783456e+31
1.13127854407584e-34
-2061844480000
2.11389148661583e+22
8.25114472896385e+36
-6.28690965953638e-9
-2.59170651435852
-8673329152
2.52038834231968e+17
-4.51230268783261e-38
-2.77178152791382e-35
1.42422407221276e-24
-2.93414749229801e+32
-8.22554014975636e-38
2.28826673049713e-29
-1.28652241584274e+31
-5896255569920
NaN
21720.158203125
-2.52822309393169e-15
-14.6666669845581
0.000268459727521986
-8.25057035647688e+37
4.40411120650663e-20
6.35926025837605e-16
-3.77334935576702e-33
1.26723236045066e-16
-2.04340207411565e+20
2.33015157391492e-6
-3.41700825061112e-18
4.5199835767562e-6
1.92679738323419e-27
2.55608233306418e+30
-2.72498907119556e-12
0.0175461191684008
9.26066158603558e-35
4.05469700220396e+30
8.99618588485222e+15
-4.8226388175487e+16
-1.48236830125633e+38
5.24733826403143e-24
3854460.5
1.46771583775518e-9
2.05049608175314e-20
-5.12266181692866e-30
80406.546875
-7.25743453105163e-32
-0.850622653961182
-7.22987394397023e-8
-0.000667092972435057
0.000775060674641281
-1.8440447033111e-25
-9.14298179394575e+18
-5.23248808676199e+21
-4.02448686523899e+34
2.7849464579821e+24
6.21925871259839e-22
-6.6230782636012e-8
-131.231338500977
1.45039712151629e-6
11.1713438034058
200970592
2.11012935814811e-33
6.2122007172814e-21
-1.76076985995012e-35
-6.35762264020763e-30
-1.24329418673139e-27
2.46092094394499e+20
2.74941752803981e+38
6.17495654609002e-9
-3.31818286741358e-31
18.2692260742188
-1.02001818473286e-16
2084386897920
-7.6895439034252e-32
-4.81043850586449e-12
-0.711713969707489
-2.36538956570275e-37
-4.03583150243473e-37
