frame 7: loop statements
before while
in while
in while
after while
before do/while
in do/while
in do/while
after do/while
before for
in for
in for
after for
before for/in
in for/in
in for/in
after for/in
before while + break
in while + break
in while + break
after while + break
before  while/true + break
in  while/true + break
in  while/true + break
after while/true + break
before for/true + break
in for/true + break
after for/true + break
before for + continue
in for + continue
after for + continue
